Performing C SOURCE FILE Test CMAKE_HAVE_LIBC_PTHREAD failed with the following output:
Change Dir: /home/alcon/Desktop/CNEAT-Trader/Cmake/cmake-build-release/CMakeFiles/CMakeTmp

Run Build Command(s):/usr/bin/make cmTC_dd301/fast && /usr/bin/make -f CMakeFiles/cmTC_dd301.dir/build.make CMakeFiles/cmTC_dd301.dir/build
make[1]: Entering directory '/home/alcon/Desktop/CNEAT-Trader/Cmake/cmake-build-release/CMakeFiles/CMakeTmp'
Building C object CMakeFiles/cmTC_dd301.dir/src.c.o
/usr/bin/cc   -O0 -DCMAKE_HAVE_LIBC_PTHREAD   -o CMakeFiles/cmTC_dd301.dir/src.c.o   -c /home/alcon/Desktop/CNEAT-Trader/Cmake/cmake-build-release/CMakeFiles/CMakeTmp/src.c
Linking C executable cmTC_dd301
/opt/clion-2019.2.3/bin/cmake/linux/bin/cmake -E cmake_link_script CMakeFiles/cmTC_dd301.dir/link.txt --verbose=1
/usr/bin/cc  -O0 -DCMAKE_HAVE_LIBC_PTHREAD    CMakeFiles/cmTC_dd301.dir/src.c.o  -o cmTC_dd301 
CMakeFiles/cmTC_dd301.dir/src.c.o: In function `main':
src.c:(.text+0x3e): undefined reference to `pthread_create'
src.c:(.text+0x4a): undefined reference to `pthread_detach'
src.c:(.text+0x5b): undefined reference to `pthread_join'
src.c:(.text+0x6f): undefined reference to `pthread_atfork'
collect2: error: ld returned 1 exit status
CMakeFiles/cmTC_dd301.dir/build.make:86: recipe for target 'cmTC_dd301' failed
make[1]: *** [cmTC_dd301] Error 1
make[1]: Leaving directory '/home/alcon/Desktop/CNEAT-Trader/Cmake/cmake-build-release/CMakeFiles/CMakeTmp'
Makefile:121: recipe for target 'cmTC_dd301/fast' failed
make: *** [cmTC_dd301/fast] Error 2


Source file was:
#include <pthread.h>

void* test_func(void* data)
{
  return data;
}

int main(void)
{
  pthread_t thread;
  pthread_create(&thread, NULL, test_func, NULL);
  pthread_detach(thread);
  pthread_join(thread, NULL);
  pthread_atfork(NULL, NULL, NULL);
  pthread_exit(NULL);

  return 0;
}

Determining if the function pthread_create exists in the pthreads failed with the following output:
Change Dir: /home/alcon/Desktop/CNEAT-Trader/Cmake/cmake-build-release/CMakeFiles/CMakeTmp

Run Build Command(s):/usr/bin/make cmTC_f6b23/fast && /usr/bin/make -f CMakeFiles/cmTC_f6b23.dir/build.make CMakeFiles/cmTC_f6b23.dir/build
make[1]: Entering directory '/home/alcon/Desktop/CNEAT-Trader/Cmake/cmake-build-release/CMakeFiles/CMakeTmp'
Building C object CMakeFiles/cmTC_f6b23.dir/CheckFunctionExists.c.o
/usr/bin/cc   -O0 -DCHECK_FUNCTION_EXISTS=pthread_create   -o CMakeFiles/cmTC_f6b23.dir/CheckFunctionExists.c.o   -c /opt/clion-2019.2.3/bin/cmake/linux/share/cmake-3.15/Modules/CheckFunctionExists.c
Linking C executable cmTC_f6b23
/opt/clion-2019.2.3/bin/cmake/linux/bin/cmake -E cmake_link_script CMakeFiles/cmTC_f6b23.dir/link.txt --verbose=1
/usr/bin/cc  -O0 -DCHECK_FUNCTION_EXISTS=pthread_create    CMakeFiles/cmTC_f6b23.dir/CheckFunctionExists.c.o  -o cmTC_f6b23 -lpthreads 
/usr/bin/ld: cannot find -lpthreads
collect2: error: ld returned 1 exit status
CMakeFiles/cmTC_f6b23.dir/build.make:86: recipe for target 'cmTC_f6b23' failed
make[1]: *** [cmTC_f6b23] Error 1
make[1]: Leaving directory '/home/alcon/Desktop/CNEAT-Trader/Cmake/cmake-build-release/CMakeFiles/CMakeTmp'
Makefile:121: recipe for target 'cmTC_f6b23/fast' failed
make: *** [cmTC_f6b23/fast] Error 2



